<?xml version="1.0" encoding="UTF-8"?>
<testsuite name="Test with firefox"
           tests="10"
           failures="0"
           errors="0"
           skipped="0"
           time="23.106">
  <properties />
  
  
            <testcase name="Login_TC03_Login_With_Blank_Password" time="0.665" classname="hahalolo.newsfeed.StartIngApp.LoginTestCase.ValidationTestcase" />
                <testcase name="TC04_Login_With_Password_Less_than_6_Chars" time="0.746" classname="hahalolo.newsfeed.StartIngApp.LoginTestCase.ValidationTestcase" />
                <testcase name="TC06_Login_With_Valid_Username" time="1.755" classname="hahalolo.newsfeed.StartIngApp.LoginTestCase.ValidationTestcase" />
                <testcase name="Login_TC03_Login_With_Invalid_Email" time="0.658" classname="hahalolo.newsfeed.StartIngApp.LoginTestCase.ValidationTestcase" />
                <testcase name="Login_TC_Login_With_Valid_Phone" time="6.647" classname="hahalolo.newsfeed.StartIngApp.LoginTestCase.ValidationTestcase" />
                <testcase name="Login_TC03_Login_With_Invalid_Phone" time="0.594" classname="hahalolo.newsfeed.StartIngApp.LoginTestCase.ValidationTestcase" />
                <testcase name="Login_TC_Login_With_Valid_Email" time="9.037" classname="hahalolo.newsfeed.StartIngApp.LoginTestCase.ValidationTestcase" />
                <testcase name="Login_TC01_Login_With_Blank_Info" time="1.529" classname="hahalolo.newsfeed.StartIngApp.LoginTestCase.ValidationTestcase" />
                <testcase name="Login_TC02_Login_With_Blank_Username" time="0.586" classname="hahalolo.newsfeed.StartIngApp.LoginTestCase.ValidationTestcase" />
                <testcase name="TC05_Login_With_Password_More_than_129_Chars" time="0.889" classname="hahalolo.newsfeed.StartIngApp.LoginTestCase.ValidationTestcase" />
      
</testsuite>
