<?xml version="1.0" encoding="UTF-8"?>
<testsuite name="Test with firefox"
           tests="10"
           failures="0"
           errors="0"
           skipped="0"
           time="21.322">
  <properties />
  
  
            <testcase name="Login_TC01_Login_With_Blank_Info" time="0.804" classname="hahalolo.newsfeed.StartIngApp.LoginTestCase.ValidationTestcase" />
                <testcase name="TC05_Login_With_Password_More_than_129_Chars" time="1.195" classname="hahalolo.newsfeed.StartIngApp.LoginTestCase.ValidationTestcase" />
                <testcase name="Login_TC03_Login_With_Blank_Password" time="0.473" classname="hahalolo.newsfeed.StartIngApp.LoginTestCase.ValidationTestcase" />
                <testcase name="Login_TC03_Login_With_Invalid_Phone" time="0.435" classname="hahalolo.newsfeed.StartIngApp.LoginTestCase.ValidationTestcase" />
                <testcase name="Login_TC02_Login_With_Blank_Username" time="0.445" classname="hahalolo.newsfeed.StartIngApp.LoginTestCase.ValidationTestcase" />
                <testcase name="TC06_Login_With_Valid_Username" time="2.805" classname="hahalolo.newsfeed.StartIngApp.LoginTestCase.ValidationTestcase" />
                <testcase name="Login_TC03_Login_With_Invalid_Email" time="0.480" classname="hahalolo.newsfeed.StartIngApp.LoginTestCase.ValidationTestcase" />
                <testcase name="Login_TC_Login_With_Valid_Email" time="7.576" classname="hahalolo.newsfeed.StartIngApp.LoginTestCase.ValidationTestcase" />
                <testcase name="Login_TC_Login_With_Valid_Phone" time="6.386" classname="hahalolo.newsfeed.StartIngApp.LoginTestCase.ValidationTestcase" />
                <testcase name="TC04_Login_With_Password_Less_than_6_Chars" time="0.723" classname="hahalolo.newsfeed.StartIngApp.LoginTestCase.ValidationTestcase" />
      
</testsuite>
